<?xml version="1.0" encoding="UTF-8"?>
<robot generator="Robot 7.0 (Python 3.10.13 on linux)" generated="2024-03-15T14:41:48.742189" rpa="false" schemaversion="5">
<suite id="s1" name="Tests" source="/home/runner/work/playwright-robotframework/playwright-robotframework/tests">
<suite id="s1-s1" name="Serve-Rest-Front" source="/home/runner/work/playwright-robotframework/playwright-robotframework/tests/serve-rest-front.robot">
<kw name="Cadastrar Usuário e Logar" owner="serve-rest-front" type="SETUP">
<kw name="New Browser" owner="Browser">
<msg time="2024-03-15T14:41:49.500130" level="INFO">{"browser": "chromium", "headless": true, "chromiumSandbox": false, "devtools": false, "handleSIGHUP": true, "handleSIGINT": true, "handleSIGTERM": true, "slowMo": 0.0, "timeout": 30000.0, "tracesDir": "/home/runner/work/playwright-robotframework/playwright-robotframework/results/browser/traces/1995c213-4954-423e-82ee-32aae7303004"}</msg>
<msg time="2024-03-15T14:41:49.740914" level="INFO">Successfully created browser with options: {"browser":"chromium","headless":true,"chromiumSandbox":false,"devtools":false,"handleSIGHUP":true,"handleSIGINT":true,"handleSIGTERM":true,"slowMo":0,"timeout":30000,"tracesDir":"/home/runner/work/playwright-robotframework/playwright-robotframework/results/browser/traces/1995c213-4954-423e-82ee-32aae7303004"}</msg>
<arg>browser=${BROWSER}</arg>
<arg>headless=${HEADLESS}</arg>
<tag>BrowserControl</tag>
<tag>Setter</tag>
<doc>Create a new playwright Browser with specified options.</doc>
<status status="PASS" start="2024-03-15T14:41:49.499211" elapsed="0.241941"/>
</kw>
<kw name="New Page" owner="Browser">
<msg time="2024-03-15T14:41:50.453412" level="INFO">Successfully initialized new page object and opened url: https://front.serverest.dev/login</msg>
<msg time="2024-03-15T14:41:50.453512" level="INFO">No context was open. New context was automatically opened when this page is created.</msg>
<arg>url=${SITE_SERVE_REST}</arg>
<tag>BrowserControl</tag>
<tag>Setter</tag>
<doc>Open a new Page.</doc>
<status status="PASS" start="2024-03-15T14:41:49.741499" elapsed="0.712175"/>
</kw>
<kw name="Criar usuário via API" owner="serve-rest-front">
<kw name="Email" owner="FakerLibrary">
<msg time="2024-03-15T14:41:50.454705" level="INFO">${EMAIL} = greg93@example.com</msg>
<var>${EMAIL}</var>
<status status="PASS" start="2024-03-15T14:41:50.454319" elapsed="0.000417"/>
</kw>
<kw name="Set Suite Variable" owner="BuiltIn">
<msg time="2024-03-15T14:41:50.455120" level="INFO">${EMAIL} = greg93@example.com</msg>
<arg>${EMAIL}</arg>
<doc>Makes a variable available everywhere within the scope of the current suite.</doc>
<status status="PASS" start="2024-03-15T14:41:50.454886" elapsed="0.000279"/>
</kw>
<kw name="Name" owner="FakerLibrary">
<msg time="2024-03-15T14:41:50.455628" level="INFO">${NOME} = Dr. Eric Sandoval</msg>
<var>${NOME}</var>
<doc>:example: 'John Doe'</doc>
<status status="PASS" start="2024-03-15T14:41:50.455286" elapsed="0.000371"/>
</kw>
<kw name="Set Suite Variable" owner="BuiltIn">
<msg time="2024-03-15T14:41:50.455982" level="INFO">${NOME} = Dr. Eric Sandoval</msg>
<arg>${NOME}</arg>
<doc>Makes a variable available everywhere within the scope of the current suite.</doc>
<status status="PASS" start="2024-03-15T14:41:50.455783" elapsed="0.000241"/>
</kw>
<kw name="Http" owner="Browser">
<msg time="2024-03-15T14:41:50.807180" level="INFO">{'status': 201, 'body': {'message': 'Cadastro realizado com sucesso', '_id': 'qYVRWRbir8TzxfJ1'}, 'headers': {'content-length': '82', 'content-type': 'application/json; charset=utf-8'}, 'type': 'cors', 'statusText': '', 'url': 'https://serverest.dev/usuarios', 'ok': True, 'redirected': False}</msg>
<msg time="2024-03-15T14:41:50.807578" level="INFO">${resposta} = {'status': 201, 'body': {'message': 'Cadastro realizado com sucesso', '_id': 'qYVRWRbir8TzxfJ1'}, 'headers': {'content-length': '82', 'content-type': 'application/json; charset=utf-8'}, 'type': 'cors'...</msg>
<var>${resposta}</var>
<arg>url=https://serverest.dev/usuarios</arg>
<arg>method=POST</arg>
<arg>body={"nome": "${NOME}","email": "${EMAIL}","password": "123456","administrador": "true"}</arg>
<tag>HTTP</tag>
<doc>Performs an HTTP request in the current browser context</doc>
<status status="PASS" start="2024-03-15T14:41:50.456153" elapsed="0.351465"/>
</kw>
<kw name="Should Be Equal As Integers" owner="BuiltIn">
<msg time="2024-03-15T14:41:50.808469" level="INFO">Argument types are:
&lt;class 'int'&gt;
&lt;class 'str'&gt;</msg>
<arg>${resposta["status"]}</arg>
<arg>201</arg>
<doc>Fails if objects are unequal after converting them to integers.</doc>
<status status="PASS" start="2024-03-15T14:41:50.807882" elapsed="0.000664"/>
</kw>
<status status="PASS" start="2024-03-15T14:41:50.454021" elapsed="0.354648"/>
</kw>
<kw name="Logar com o usuário cadastrado via API" owner="serve-rest-front">
<kw name="Http" owner="Browser">
<msg time="2024-03-15T14:41:50.947940" level="INFO">{'status': 200, 'body': {'message': 'Login realizado com sucesso', 'authorization': 'Bearer eyJhbGciOiJIUzI1NiIsInR5cCI6IkpXVCJ9.eyJlbWFpbCI6ImdyZWc5M0BleGFtcGxlLmNvbSIsInBhc3N3b3JkIjoiMTIzNDU2IiwiaWF0IjoxNzEwNTEzNzEwLCJleHAiOjE3MTA1MTQzMTB9.sBdwinpBdRZN8cDdWC0DA3P_n2DzcEzDyfxcz9xfERc'}, 'headers': {'content-length': '273', 'content-type': 'application/json; charset=utf-8'}, 'type': 'cors', 'statusText': '', 'url': 'https://serverest.dev/login', 'ok': True, 'redirected': False}</msg>
<msg time="2024-03-15T14:41:50.948151" level="INFO">${resposta} = {'status': 200, 'body': {'message': 'Login realizado com sucesso', 'authorization': 'Bearer eyJhbGciOiJIUzI1NiIsInR5cCI6IkpXVCJ9.eyJlbWFpbCI6ImdyZWc5M0BleGFtcGxlLmNvbSIsInBhc3N3b3JkIjoiMTIzNDU2IiwiaWF...</msg>
<var>${resposta}</var>
<arg>url=https://serverest.dev/login</arg>
<arg>method=POST</arg>
<arg>body={"email": "${EMAIL}", "password": "123456"}</arg>
<tag>HTTP</tag>
<doc>Performs an HTTP request in the current browser context</doc>
<status status="PASS" start="2024-03-15T14:41:50.809182" elapsed="0.139003"/>
</kw>
<kw name="Should Be Equal As Integers" owner="BuiltIn">
<msg time="2024-03-15T14:41:50.948861" level="INFO">Argument types are:
&lt;class 'int'&gt;
&lt;class 'str'&gt;</msg>
<arg>${resposta["status"]}</arg>
<arg>200</arg>
<doc>Fails if objects are unequal after converting them to integers.</doc>
<status status="PASS" start="2024-03-15T14:41:50.948356" elapsed="0.000575"/>
</kw>
<kw name="LocalStorage Set Item" owner="Browser">
<msg time="2024-03-15T14:41:50.953162" level="INFO">JavaScript executed successfully.</msg>
<arg>serverest/userNome</arg>
<arg>${NOME}</arg>
<tag>PageContent</tag>
<tag>Setter</tag>
<doc>Save data to the local storage.</doc>
<status status="PASS" start="2024-03-15T14:41:50.949081" elapsed="0.004153"/>
</kw>
<kw name="LocalStorage Set Item" owner="Browser">
<msg time="2024-03-15T14:41:50.956677" level="INFO">JavaScript executed successfully.</msg>
<arg>serverest/userEmail</arg>
<arg>${EMAIL}</arg>
<tag>PageContent</tag>
<tag>Setter</tag>
<doc>Save data to the local storage.</doc>
<status status="PASS" start="2024-03-15T14:41:50.953389" elapsed="0.003392"/>
</kw>
<kw name="LocalStorage Set Item" owner="Browser">
<msg time="2024-03-15T14:41:50.960801" level="INFO">JavaScript executed successfully.</msg>
<arg>serverest/userToken</arg>
<arg>${resposta["body"]["authorization"]}</arg>
<tag>PageContent</tag>
<tag>Setter</tag>
<doc>Save data to the local storage.</doc>
<status status="PASS" start="2024-03-15T14:41:50.956939" elapsed="0.003934"/>
</kw>
<kw name="Go To" owner="Browser">
<msg time="2024-03-15T14:41:51.153592" level="INFO">Successfully opened URL https://front.serverest.dev/admin/home</msg>
<arg>https://front.serverest.dev/admin/home</arg>
<tag>BrowserControl</tag>
<tag>Setter</tag>
<doc>Navigates to the given ``url``.</doc>
<status status="PASS" start="2024-03-15T14:41:50.961026" elapsed="0.192740"/>
</kw>
<kw name="Take Screenshot" owner="Browser">
<msg time="2024-03-15T14:41:51.333362" level="INFO" html="true">&lt;/td&gt;&lt;/tr&gt;&lt;tr&gt;&lt;td colspan="3"&gt;&lt;a href="browser/screenshot/robotframework-browser-screenshot-1.png" target="_blank"&gt;&lt;img src="browser/screenshot/robotframework-browser-screenshot-1.png" width="800px"/&gt;&lt;/a&gt;</msg>
<tag>PageContent</tag>
<doc>Takes a screenshot of the current window or element and saves it to disk.</doc>
<status status="PASS" start="2024-03-15T14:41:51.154039" elapsed="0.179534"/>
</kw>
<status status="PASS" start="2024-03-15T14:41:50.808927" elapsed="0.524790"/>
</kw>
<kw name="Save Storage State" owner="Browser">
<msg time="2024-03-15T14:41:51.376520" level="INFO">Current context state is saved to: /home/runner/work/playwright-robotframework/playwright-robotframework/results/browser/state/7f16f5ff-a1a0-4cc1-b6ed-39d0e11c5a31.json</msg>
<msg time="2024-03-15T14:41:51.376774" level="INFO">${STORAGE_FILE} = /home/runner/work/playwright-robotframework/playwright-robotframework/results/browser/state/7f16f5ff-a1a0-4cc1-b6ed-39d0e11c5a31.json</msg>
<var>${STORAGE_FILE}</var>
<tag>BrowserControl</tag>
<tag>Getter</tag>
<doc>Saves the current active context storage state to a file.</doc>
<status status="PASS" start="2024-03-15T14:41:51.333918" elapsed="0.042897"/>
</kw>
<kw name="Set Suite Variable" owner="BuiltIn">
<msg time="2024-03-15T14:41:51.377401" level="INFO">${STORAGE_FILE} = /home/runner/work/playwright-robotframework/playwright-robotframework/results/browser/state/7f16f5ff-a1a0-4cc1-b6ed-39d0e11c5a31.json</msg>
<arg>${STORAGE_FILE}</arg>
<doc>Makes a variable available everywhere within the scope of the current suite.</doc>
<status status="PASS" start="2024-03-15T14:41:51.377102" elapsed="0.000349"/>
</kw>
<status status="PASS" start="2024-03-15T14:41:49.498059" elapsed="1.879484"/>
</kw>
<test id="s1-s1-t1" name="Login com sucesso Serverest-front" line="7">
<kw name="Abrir o Navegador" owner="serve-rest-front">
<kw name="New Browser" owner="Browser">
<msg time="2024-03-15T14:41:51.382865" level="INFO">Switching browser to browser=b7407a96-0bba-49f3-b2eb-7ce07a84a09b</msg>
<msg time="2024-03-15T14:41:51.384951" level="INFO">Successfully changed active browser: browser=b7407a96-0bba-49f3-b2eb-7ce07a84a09b</msg>
<msg time="2024-03-15T14:41:51.385052" level="INFO">Reusing existing browser with id: browser=b7407a96-0bba-49f3-b2eb-7ce07a84a09b</msg>
<arg>browser=${BROWSER}</arg>
<arg>headless=${HEADLESS}</arg>
<tag>BrowserControl</tag>
<tag>Setter</tag>
<doc>Create a new playwright Browser with specified options.</doc>
<status status="PASS" start="2024-03-15T14:41:51.382261" elapsed="0.002882"/>
</kw>
<kw name="Uuid 4" owner="FakerLibrary">
<msg time="2024-03-15T14:41:51.385518" level="INFO">${TRACE_NAME} = 502b7281-4549-48fe-9baa-08ae1b9e43f8</msg>
<var>${TRACE_NAME}</var>
<doc>Generate a random UUID4 object and cast it to another type if specified using a callable ``cast_to``.</doc>
<status status="PASS" start="2024-03-15T14:41:51.385307" elapsed="0.000244"/>
</kw>
<kw name="Get Current Date" owner="DateTime">
<msg time="2024-03-15T14:41:51.385916" level="INFO">${NOW} = 15-03-2024_144151</msg>
<var>${NOW}</var>
<arg>result_format=%d-%m-%Y_%H%M%S</arg>
<doc>Returns current local or UTC time with an optional increment.</doc>
<status status="PASS" start="2024-03-15T14:41:51.385685" elapsed="0.000262"/>
</kw>
<kw name="New Context" owner="Browser">
<msg time="2024-03-15T14:41:51.386729" level="INFO">{
  "acceptDownloads": true,
  "bypassCSP": false,
  "forcedColors": "none",
  "ignoreHTTPSErrors": false,
  "javaScriptEnabled": true,
  "offline": false,
  "reducedMotion": "no-preference",
  "serviceWorkers": "allow",
  "viewport": {
    "height": 800,
    "width": 1200
  }
}</msg>
<msg time="2024-03-15T14:41:51.391877" level="INFO">Successfully created context. </msg>
<msg time="2024-03-15T14:41:51.391922" level="INFO">{'acceptDownloads': True, 'bypassCSP': False, 'forcedColors': 'none', 'ignoreHTTPSErrors': False, 'javaScriptEnabled': True, 'offline': False, 'reducedMotion': 'no-preference', 'serviceWorkers': 'allow', 'viewport': {'height': 800, 'width': 1200}}</msg>
<arg>viewport={'width': 1200, 'height': 800}</arg>
<tag>BrowserControl</tag>
<tag>Setter</tag>
<doc>Create a new BrowserContext with specified options.</doc>
<status status="PASS" start="2024-03-15T14:41:51.386092" elapsed="0.005913"/>
</kw>
<status status="PASS" start="2024-03-15T14:41:51.381956" elapsed="0.010149"/>
</kw>
<kw name="Ir para o site Serve Rest Front" owner="serve-rest-front">
<kw name="New Page" owner="Browser">
<msg time="2024-03-15T14:41:51.972169" level="INFO">Successfully initialized new page object and opened url: https://front.serverest.dev/login</msg>
<arg>url=${SITE_SERVE_REST}</arg>
<tag>BrowserControl</tag>
<tag>Setter</tag>
<doc>Open a new Page.</doc>
<status status="PASS" start="2024-03-15T14:41:51.392546" elapsed="0.579927"/>
</kw>
<kw name="Get Title" owner="Browser">
<msg time="2024-03-15T14:41:51.982321" level="INFO">Title: 'Front - ServeRest'</msg>
<msg time="2024-03-15T14:41:51.982533" level="INFO">${title} = Front - ServeRest</msg>
<var>${title}</var>
<arg>==</arg>
<arg>Front - ServeRest</arg>
<tag>Assertion</tag>
<tag>Getter</tag>
<tag>PageContent</tag>
<doc>Returns the title of the current page.</doc>
<status status="PASS" start="2024-03-15T14:41:51.972843" elapsed="0.009732"/>
</kw>
<kw name="Log" owner="BuiltIn">
<msg time="2024-03-15T14:41:51.983101" level="INFO">Front - ServeRest</msg>
<arg>${title}</arg>
<doc>Logs the given message with the given level.</doc>
<status status="PASS" start="2024-03-15T14:41:51.982840" elapsed="0.000333"/>
</kw>
<status status="PASS" start="2024-03-15T14:41:51.392279" elapsed="0.591015"/>
</kw>
<kw name="Preencher os dados do novo usuario e cadastrar" owner="serve-rest-front">
<kw name="Click" owner="Browser">
<arg>css=a[data-testid='cadastrar']</arg>
<tag>PageContent</tag>
<tag>Setter</tag>
<doc>Simulates mouse click on the element found by ``selector``.</doc>
<status status="PASS" start="2024-03-15T14:41:51.984022" elapsed="0.181374"/>
</kw>
<kw name="Email" owner="FakerLibrary">
<msg time="2024-03-15T14:41:52.166204" level="INFO">${EMAIL} = scottcandice@example.com</msg>
<var>${EMAIL}</var>
<status status="PASS" start="2024-03-15T14:41:52.165686" elapsed="0.000571"/>
</kw>
<kw name="Set Test Variable" owner="BuiltIn">
<msg time="2024-03-15T14:41:52.166875" level="INFO">${EMAIL} = scottcandice@example.com</msg>
<arg>${EMAIL}</arg>
<doc>Makes a variable available everywhere within the scope of the current test.</doc>
<status status="PASS" start="2024-03-15T14:41:52.166495" elapsed="0.000453"/>
</kw>
<kw name="Name" owner="FakerLibrary">
<msg time="2024-03-15T14:41:52.167579" level="INFO">${NOME} = Crystal Alvarez</msg>
<var>${NOME}</var>
<doc>:example: 'John Doe'</doc>
<status status="PASS" start="2024-03-15T14:41:52.167125" elapsed="0.000499"/>
</kw>
<kw name="Set Test Variable" owner="BuiltIn">
<msg time="2024-03-15T14:41:52.168117" level="INFO">${NOME} = Crystal Alvarez</msg>
<arg>${NOME}</arg>
<doc>Makes a variable available everywhere within the scope of the current test.</doc>
<status status="PASS" start="2024-03-15T14:41:52.167819" elapsed="0.000364"/>
</kw>
<kw name="Fill Text" owner="Browser">
<msg time="2024-03-15T14:41:52.169119" level="INFO">Fills the text 'Crystal Alvarez' in the given field.</msg>
<arg>css=input#nome</arg>
<arg>${NOME}</arg>
<tag>PageContent</tag>
<tag>Setter</tag>
<doc>Clears and fills the given ``txt`` into the text field found by ``selector``.</doc>
<status status="PASS" start="2024-03-15T14:41:52.168384" elapsed="0.018732"/>
</kw>
<kw name="Fill Text" owner="Browser">
<msg time="2024-03-15T14:41:52.187975" level="INFO">Fills the text 'scottcandice@example.com' in the given field.</msg>
<arg>css=input#email</arg>
<arg>${EMAIL}</arg>
<tag>PageContent</tag>
<tag>Setter</tag>
<doc>Clears and fills the given ``txt`` into the text field found by ``selector``.</doc>
<status status="PASS" start="2024-03-15T14:41:52.187405" elapsed="0.012026"/>
</kw>
<kw name="Fill Text" owner="Browser">
<msg time="2024-03-15T14:41:52.200078" level="INFO">Fills the text '123456' in the given field.</msg>
<arg>css=input#password</arg>
<arg>123456</arg>
<tag>PageContent</tag>
<tag>Setter</tag>
<doc>Clears and fills the given ``txt`` into the text field found by ``selector``.</doc>
<status status="PASS" start="2024-03-15T14:41:52.199640" elapsed="0.010881"/>
</kw>
<kw name="Check Checkbox" owner="Browser">
<arg>css=input#administrador</arg>
<tag>PageContent</tag>
<tag>Setter</tag>
<doc>Checks the checkbox or selects radio button found by ``selector``.</doc>
<status status="PASS" start="2024-03-15T14:41:52.210769" elapsed="0.048760"/>
</kw>
<kw name="Click" owner="Browser">
<arg>xpath=//*[@id="root"]//button &gt;&gt; text="Cadastrar"</arg>
<tag>PageContent</tag>
<tag>Setter</tag>
<doc>Simulates mouse click on the element found by ``selector``.</doc>
<status status="PASS" start="2024-03-15T14:41:52.259795" elapsed="0.034150"/>
</kw>
<kw name="Take Screenshot" owner="Browser">
<msg time="2024-03-15T14:41:52.601452" level="INFO" html="true">&lt;/td&gt;&lt;/tr&gt;&lt;tr&gt;&lt;td colspan="3"&gt;&lt;a href="browser/screenshot/robotframework-browser-screenshot-2.png" target="_blank"&gt;&lt;img src="browser/screenshot/robotframework-browser-screenshot-2.png" width="800px"/&gt;&lt;/a&gt;</msg>
<tag>PageContent</tag>
<doc>Takes a screenshot of the current window or element and saves it to disk.</doc>
<status status="PASS" start="2024-03-15T14:41:52.294208" elapsed="0.307436"/>
</kw>
<status status="PASS" start="2024-03-15T14:41:51.983615" elapsed="0.618183"/>
</kw>
<kw name="Conferir Usuario Cadastrado com sucesso" owner="serve-rest-front">
<kw name="Wait For Elements State" owner="Browser">
<msg time="2024-03-15T14:41:55.900982" level="INFO">Waited for Element with selector h1 at state visible</msg>
<arg>h1</arg>
<arg>visible</arg>
<tag>PageContent</tag>
<tag>Wait</tag>
<doc>Waits for the element found by ``selector`` to satisfy state option.</doc>
<status status="PASS" start="2024-03-15T14:41:52.602409" elapsed="3.298786"/>
</kw>
<kw name="Get Text" owner="Browser">
<msg time="2024-03-15T14:41:55.921756" level="INFO">Text: 'Bem Vindo Crystal Alvarez'</msg>
<arg>h1</arg>
<arg>==</arg>
<arg>Bem Vindo ${NOME}</arg>
<tag>Assertion</tag>
<tag>Getter</tag>
<tag>PageContent</tag>
<doc>Returns text attribute of the element found by ``selector``.</doc>
<status status="PASS" start="2024-03-15T14:41:55.901489" elapsed="0.020391"/>
</kw>
<kw name="Get Element States" owner="Browser">
<msg time="2024-03-15T14:41:55.940323" level="INFO">States are: ['attached', 'visible', 'enabled', 'editable', 'defocused']</msg>
<arg>button[data-testid='logout']</arg>
<arg>validate</arg>
<arg>value &amp; visible</arg>
<tag>Assertion</tag>
<tag>Getter</tag>
<tag>PageContent</tag>
<doc>Get the active states from the element found by ``selector``.</doc>
<status status="PASS" start="2024-03-15T14:41:55.922124" elapsed="0.018313"/>
</kw>
<status status="PASS" start="2024-03-15T14:41:52.602038" elapsed="3.338532"/>
</kw>
<status status="PASS" start="2024-03-15T14:41:51.377646" elapsed="4.563138"/>
</test>
<test id="s1-s1-t2" name="Desafio: Conferir se o novo usuário é mostrado na listagem de usuários" line="13">
<kw name="Abrir o site Serve Rest Front Logado" owner="serve-rest-front">
<kw name="New Context" owner="Browser">
<msg time="2024-03-15T14:41:55.974489" level="INFO">{
  "acceptDownloads": true,
  "bypassCSP": false,
  "forcedColors": "none",
  "ignoreHTTPSErrors": false,
  "javaScriptEnabled": true,
  "offline": false,
  "reducedMotion": "no-preference",
  "serviceWorkers": "allow",
  "storageState": "/home/runner/work/playwright-robotframework/playwright-robotframework/results/browser/state/7f16f5ff-a1a0-4cc1-b6ed-39d0e11c5a31.json",
  "viewport": {
    "height": 800,
    "width": 1200
  }
}</msg>
<msg time="2024-03-15T14:41:56.089645" level="INFO">Successfully created context. </msg>
<msg time="2024-03-15T14:41:56.089740" level="INFO">{'acceptDownloads': True, 'bypassCSP': False, 'forcedColors': 'none', 'ignoreHTTPSErrors': False, 'javaScriptEnabled': True, 'offline': False, 'reducedMotion': 'no-preference', 'serviceWorkers': 'allow', 'storageState': '/home/runner/work/playwright-robotframework/playwright-robotframework/results/browser/state/7f16f5ff-a1a0-4cc1-b6ed-39d0e11c5a31.json', 'viewport': {'height': 800, 'width': 1200}}</msg>
<arg>viewport={'width': 1200, 'height': 800}</arg>
<arg>storageState=${STORAGE_FILE}</arg>
<tag>BrowserControl</tag>
<tag>Setter</tag>
<doc>Create a new BrowserContext with specified options.</doc>
<status status="PASS" start="2024-03-15T14:41:55.973701" elapsed="0.116170"/>
</kw>
<kw name="New Page" owner="Browser">
<msg time="2024-03-15T14:41:56.649176" level="INFO">Successfully initialized new page object and opened url: https://front.serverest.dev/admin/home</msg>
<arg>url=https://front.serverest.dev/admin/home</arg>
<tag>BrowserControl</tag>
<tag>Setter</tag>
<doc>Open a new Page.</doc>
<status status="PASS" start="2024-03-15T14:41:56.090165" elapsed="0.559353"/>
</kw>
<kw name="Get Text" owner="Browser">
<msg time="2024-03-15T14:41:56.812953" level="INFO">Text: 'Bem Vindo Dr. Eric Sandoval'</msg>
<arg>h1</arg>
<arg>==</arg>
<arg>Bem Vindo ${NOME}</arg>
<tag>Assertion</tag>
<tag>Getter</tag>
<tag>PageContent</tag>
<doc>Returns text attribute of the element found by ``selector``.</doc>
<status status="PASS" start="2024-03-15T14:41:56.649894" elapsed="0.163224"/>
</kw>
<kw name="Take Screenshot" owner="Browser">
<msg time="2024-03-15T14:41:56.955020" level="INFO" html="true">&lt;/td&gt;&lt;/tr&gt;&lt;tr&gt;&lt;td colspan="3"&gt;&lt;a href="browser/screenshot/robotframework-browser-screenshot-3.png" target="_blank"&gt;&lt;img src="browser/screenshot/robotframework-browser-screenshot-3.png" width="800px"/&gt;&lt;/a&gt;</msg>
<tag>PageContent</tag>
<doc>Takes a screenshot of the current window or element and saves it to disk.</doc>
<status status="PASS" start="2024-03-15T14:41:56.813422" elapsed="0.141761"/>
</kw>
<status status="PASS" start="2024-03-15T14:41:55.973319" elapsed="0.982010"/>
</kw>
<kw name="Acessar a Lista de usuários" owner="serve-rest-front">
<kw name="Click" owner="Browser">
<arg>css=a[data-testid='listarUsuarios']</arg>
<tag>PageContent</tag>
<tag>Setter</tag>
<doc>Simulates mouse click on the element found by ``selector``.</doc>
<status status="PASS" start="2024-03-15T14:41:56.955940" elapsed="0.025977"/>
</kw>
<kw name="Get Element States" owner="Browser">
<msg time="2024-03-15T14:41:57.000529" level="INFO">States are: ['attached', 'visible', 'enabled', 'editable', 'defocused']</msg>
<arg>h1</arg>
<arg>validate</arg>
<arg>visible</arg>
<tag>Assertion</tag>
<tag>Getter</tag>
<tag>PageContent</tag>
<doc>Get the active states from the element found by ``selector``.</doc>
<status status="PASS" start="2024-03-15T14:41:56.982158" elapsed="0.018514"/>
</kw>
<kw name="Get Text" owner="Browser">
<msg time="2024-03-15T14:41:57.010887" level="INFO">Text: 'Lista dos usuários'</msg>
<arg>h1</arg>
<arg>==</arg>
<arg>Lista dos usuários</arg>
<tag>Assertion</tag>
<tag>Getter</tag>
<tag>PageContent</tag>
<doc>Returns text attribute of the element found by ``selector``.</doc>
<status status="PASS" start="2024-03-15T14:41:57.000978" elapsed="0.010014"/>
</kw>
<kw name="Take Screenshot" owner="Browser">
<msg time="2024-03-15T14:41:57.212090" level="INFO" html="true">&lt;/td&gt;&lt;/tr&gt;&lt;tr&gt;&lt;td colspan="3"&gt;&lt;a href="browser/screenshot/robotframework-browser-screenshot-4.png" target="_blank"&gt;&lt;img src="browser/screenshot/robotframework-browser-screenshot-4.png" width="800px"/&gt;&lt;/a&gt;</msg>
<tag>PageContent</tag>
<doc>Takes a screenshot of the current window or element and saves it to disk.</doc>
<status status="PASS" start="2024-03-15T14:41:57.011212" elapsed="0.201053"/>
</kw>
<status status="PASS" start="2024-03-15T14:41:56.955577" elapsed="0.256841"/>
</kw>
<kw name="Conferir que o usuário aparece na listagem" owner="serve-rest-front">
<kw name="Get Table Cell Element" owner="Browser">
<msg time="2024-03-15T14:41:57.221270" level="INFO">JavaScript executed successfully.</msg>
<msg time="2024-03-15T14:41:57.243264" level="INFO">Locator found successfully.</msg>
<msg time="2024-03-15T14:41:57.243426" level="INFO">${elemento} = xpath=//table[@class="table table-striped"] &gt;&gt; tr &gt;&gt; nth=47 &gt;&gt; &gt; * &gt;&gt; nth=0</msg>
<var>${elemento}</var>
<arg>xpath=//table[@class="table table-striped"]</arg>
<arg>"Nome"</arg>
<arg>"${EMAIL}"</arg>
<tag>Getter</tag>
<tag>PageContent</tag>
<doc>Returns the Web Element that has the same column index and same row index as the selected elements.</doc>
<status status="PASS" start="2024-03-15T14:41:57.213109" elapsed="0.030401"/>
</kw>
<kw name="Get Text" owner="Browser">
<msg time="2024-03-15T14:41:57.254834" level="INFO">Text: 'Dr. Eric Sandoval'</msg>
<arg>${elemento}</arg>
<arg>==</arg>
<arg>${NOME}</arg>
<tag>Assertion</tag>
<tag>Getter</tag>
<tag>PageContent</tag>
<doc>Returns text attribute of the element found by ``selector``.</doc>
<status status="PASS" start="2024-03-15T14:41:57.243716" elapsed="0.011215"/>
</kw>
<kw name="Scroll To Element" owner="Browser">
<arg>${elemento}</arg>
<tag>PageContent</tag>
<tag>Setter</tag>
<doc>This method waits for actionability checks, then tries to scroll element into view,
unless it is completely visible.</doc>
<status status="PASS" start="2024-03-15T14:41:57.255126" elapsed="0.013629"/>
</kw>
<kw name="Highlight Elements" owner="Browser">
<msg time="2024-03-15T14:41:57.277948" level="INFO">Highlighted 1 elements for 5000.</msg>
<arg>${elemento}</arg>
<tag>PageContent</tag>
<tag>Setter</tag>
<doc>Adds a highlight to elements matched by the ``selector``. Provides a style adjustment.</doc>
<status status="PASS" start="2024-03-15T14:41:57.268945" elapsed="0.009105"/>
</kw>
<kw name="Take Screenshot" owner="Browser">
<msg time="2024-03-15T14:41:57.377519" level="INFO" html="true">&lt;/td&gt;&lt;/tr&gt;&lt;tr&gt;&lt;td colspan="3"&gt;&lt;a href="browser/screenshot/robotframework-browser-screenshot-5.png" target="_blank"&gt;&lt;img src="browser/screenshot/robotframework-browser-screenshot-5.png" width="800px"/&gt;&lt;/a&gt;</msg>
<tag>PageContent</tag>
<doc>Takes a screenshot of the current window or element and saves it to disk.</doc>
<status status="PASS" start="2024-03-15T14:41:57.278232" elapsed="0.099459"/>
</kw>
<status status="PASS" start="2024-03-15T14:41:57.212686" elapsed="0.165156"/>
</kw>
<status status="PASS" start="2024-03-15T14:41:55.970265" elapsed="1.407747"/>
</test>
<test id="s1-s1-t3" name="Desafio 2: cadastrar novo produto e validar que ele aparece na listagem" line="18">
<kw name="Abrir o site Serve Rest Front Logado" owner="serve-rest-front">
<kw name="New Context" owner="Browser">
<msg time="2024-03-15T14:41:57.411691" level="INFO">{
  "acceptDownloads": true,
  "bypassCSP": false,
  "forcedColors": "none",
  "ignoreHTTPSErrors": false,
  "javaScriptEnabled": true,
  "offline": false,
  "reducedMotion": "no-preference",
  "serviceWorkers": "allow",
  "storageState": "/home/runner/work/playwright-robotframework/playwright-robotframework/results/browser/state/7f16f5ff-a1a0-4cc1-b6ed-39d0e11c5a31.json",
  "viewport": {
    "height": 800,
    "width": 1200
  }
}</msg>
<msg time="2024-03-15T14:41:57.482002" level="INFO">Successfully created context. </msg>
<msg time="2024-03-15T14:41:57.482102" level="INFO">{'acceptDownloads': True, 'bypassCSP': False, 'forcedColors': 'none', 'ignoreHTTPSErrors': False, 'javaScriptEnabled': True, 'offline': False, 'reducedMotion': 'no-preference', 'serviceWorkers': 'allow', 'storageState': '/home/runner/work/playwright-robotframework/playwright-robotframework/results/browser/state/7f16f5ff-a1a0-4cc1-b6ed-39d0e11c5a31.json', 'viewport': {'height': 800, 'width': 1200}}</msg>
<arg>viewport={'width': 1200, 'height': 800}</arg>
<arg>storageState=${STORAGE_FILE}</arg>
<tag>BrowserControl</tag>
<tag>Setter</tag>
<doc>Create a new BrowserContext with specified options.</doc>
<status status="PASS" start="2024-03-15T14:41:57.410882" elapsed="0.071342"/>
</kw>
<kw name="New Page" owner="Browser">
<msg time="2024-03-15T14:41:58.071614" level="INFO">Successfully initialized new page object and opened url: https://front.serverest.dev/admin/home</msg>
<arg>url=https://front.serverest.dev/admin/home</arg>
<tag>BrowserControl</tag>
<tag>Setter</tag>
<doc>Open a new Page.</doc>
<status status="PASS" start="2024-03-15T14:41:57.482511" elapsed="0.589354"/>
</kw>
<kw name="Get Text" owner="Browser">
<msg time="2024-03-15T14:41:58.230092" level="INFO">Text: 'Bem Vindo Dr. Eric Sandoval'</msg>
<arg>h1</arg>
<arg>==</arg>
<arg>Bem Vindo ${NOME}</arg>
<tag>Assertion</tag>
<tag>Getter</tag>
<tag>PageContent</tag>
<doc>Returns text attribute of the element found by ``selector``.</doc>
<status status="PASS" start="2024-03-15T14:41:58.072164" elapsed="0.158088"/>
</kw>
<kw name="Take Screenshot" owner="Browser">
<msg time="2024-03-15T14:41:58.371845" level="INFO" html="true">&lt;/td&gt;&lt;/tr&gt;&lt;tr&gt;&lt;td colspan="3"&gt;&lt;a href="browser/screenshot/robotframework-browser-screenshot-6.png" target="_blank"&gt;&lt;img src="browser/screenshot/robotframework-browser-screenshot-6.png" width="800px"/&gt;&lt;/a&gt;</msg>
<tag>PageContent</tag>
<doc>Takes a screenshot of the current window or element and saves it to disk.</doc>
<status status="PASS" start="2024-03-15T14:41:58.230548" elapsed="0.141469"/>
</kw>
<status status="PASS" start="2024-03-15T14:41:57.410523" elapsed="0.961642"/>
</kw>
<kw name="Cadastrar um novo produto" owner="serve-rest-front">
<kw name="Random Number" owner="FakerLibrary">
<msg time="2024-03-15T14:41:58.373192" level="INFO">${NUMBER} = 532</msg>
<var>${NUMBER}</var>
<arg>digits=3</arg>
<doc>Generate a random integer according to the following rules:</doc>
<status status="PASS" start="2024-03-15T14:41:58.372871" elapsed="0.000354"/>
</kw>
<kw name="Set Variable" owner="BuiltIn">
<msg time="2024-03-15T14:41:58.373569" level="INFO">${NOME_PRODUTO} = Product No_532</msg>
<var>${NOME_PRODUTO}</var>
<arg>Product No_${NUMBER}</arg>
<doc>Returns the given values which can then be assigned to a variables.</doc>
<status status="PASS" start="2024-03-15T14:41:58.373373" elapsed="0.000224"/>
</kw>
<kw name="Random Number" owner="FakerLibrary">
<msg time="2024-03-15T14:41:58.373945" level="INFO">${PRECO_PRODUTO} = 772</msg>
<var>${PRECO_PRODUTO}</var>
<arg>digits=3</arg>
<doc>Generate a random integer according to the following rules:</doc>
<status status="PASS" start="2024-03-15T14:41:58.373725" elapsed="0.000248"/>
</kw>
<kw name="Convert To String" owner="BuiltIn">
<msg time="2024-03-15T14:41:58.374306" level="INFO">${PRECO_PRODUTO} = 772</msg>
<var>${PRECO_PRODUTO}</var>
<arg>${PRECO_PRODUTO}</arg>
<doc>Converts the given item to a Unicode string.</doc>
<status status="PASS" start="2024-03-15T14:41:58.374099" elapsed="0.000235"/>
</kw>
<kw name="Text" owner="FakerLibrary">
<msg time="2024-03-15T14:41:58.374716" level="INFO">${DESCRICAO_PRODUTO} = Federal your a beat meeting. Whom country break drug citizen provide truth.
Put sea manage require growth hospital. Finish court human one.</msg>
<var>${DESCRICAO_PRODUTO}</var>
<doc>Generate a text string.</doc>
<status status="PASS" start="2024-03-15T14:41:58.374459" elapsed="0.000287"/>
</kw>
<kw name="Random Number" owner="FakerLibrary">
<msg time="2024-03-15T14:41:58.375077" level="INFO">${QTDE_PRODUTO} = 81</msg>
<var>${QTDE_PRODUTO}</var>
<arg>digits=2</arg>
<doc>Generate a random integer according to the following rules:</doc>
<status status="PASS" start="2024-03-15T14:41:58.374867" elapsed="0.000240"/>
</kw>
<kw name="Convert To String" owner="BuiltIn">
<msg time="2024-03-15T14:41:58.375431" level="INFO">${QTDE_PRODUTO} = 81</msg>
<var>${QTDE_PRODUTO}</var>
<arg>${QTDE_PRODUTO}</arg>
<doc>Converts the given item to a Unicode string.</doc>
<status status="PASS" start="2024-03-15T14:41:58.375235" elapsed="0.000223"/>
</kw>
<kw name="Set Test Variable" owner="BuiltIn">
<msg time="2024-03-15T14:41:58.375800" level="INFO">${NOME_PRODUTO} = Product No_532</msg>
<arg>${NOME_PRODUTO}</arg>
<doc>Makes a variable available everywhere within the scope of the current test.</doc>
<status status="PASS" start="2024-03-15T14:41:58.375590" elapsed="0.000254"/>
</kw>
<kw name="Set Test Variable" owner="BuiltIn">
<msg time="2024-03-15T14:41:58.376155" level="INFO">${PRECO_PRODUTO} = 772</msg>
<arg>${PRECO_PRODUTO}</arg>
<doc>Makes a variable available everywhere within the scope of the current test.</doc>
<status status="PASS" start="2024-03-15T14:41:58.375965" elapsed="0.000277"/>
</kw>
<kw name="Set Test Variable" owner="BuiltIn">
<msg time="2024-03-15T14:41:58.376560" level="INFO">${QTDE_PRODUTO} = 81</msg>
<arg>${QTDE_PRODUTO}</arg>
<doc>Makes a variable available everywhere within the scope of the current test.</doc>
<status status="PASS" start="2024-03-15T14:41:58.376367" elapsed="0.000235"/>
</kw>
<kw name="Click" owner="Browser">
<arg>css=a[data-testid='cadastrarProdutos']</arg>
<tag>PageContent</tag>
<tag>Setter</tag>
<doc>Simulates mouse click on the element found by ``selector``.</doc>
<status status="PASS" start="2024-03-15T14:41:58.376750" elapsed="0.039945"/>
</kw>
<kw name="Fill Text" owner="Browser">
<msg time="2024-03-15T14:41:58.417677" level="INFO">Fills the text 'Product No_532' in the given field.</msg>
<arg>css=input[data-testid='nome']</arg>
<arg>${NOME_PRODUTO}</arg>
<tag>PageContent</tag>
<tag>Setter</tag>
<doc>Clears and fills the given ``txt`` into the text field found by ``selector``.</doc>
<status status="PASS" start="2024-03-15T14:41:58.416957" elapsed="0.015228"/>
</kw>
<kw name="Fill Text" owner="Browser">
<msg time="2024-03-15T14:41:58.433067" level="INFO">Fills the text '772' in the given field.</msg>
<arg>css=input[data-testid='preco']</arg>
<arg>${PRECO_PRODUTO}</arg>
<tag>PageContent</tag>
<tag>Setter</tag>
<doc>Clears and fills the given ``txt`` into the text field found by ``selector``.</doc>
<status status="PASS" start="2024-03-15T14:41:58.432438" elapsed="0.013755"/>
</kw>
<kw name="Fill Text" owner="Browser">
<msg time="2024-03-15T14:41:58.446954" level="INFO">Fills the text 'Federal your a beat meeting. Whom country break drug citizen provide truth.
Put sea manage require growth hospital. Finish court human one.' in the given field.</msg>
<arg>css=textarea[data-testid='descricao']</arg>
<arg>${DESCRICAO_PRODUTO}</arg>
<tag>PageContent</tag>
<tag>Setter</tag>
<doc>Clears and fills the given ``txt`` into the text field found by ``selector``.</doc>
<status status="PASS" start="2024-03-15T14:41:58.446433" elapsed="0.013653"/>
</kw>
<kw name="Fill Text" owner="Browser">
<msg time="2024-03-15T14:41:58.460867" level="INFO">Fills the text '81' in the given field.</msg>
<arg>css=input[data-testid='quantity']</arg>
<arg>${QTDE_PRODUTO}</arg>
<tag>PageContent</tag>
<tag>Setter</tag>
<doc>Clears and fills the given ``txt`` into the text field found by ``selector``.</doc>
<status status="PASS" start="2024-03-15T14:41:58.460318" elapsed="0.012220"/>
</kw>
<kw name="Click" owner="Browser">
<arg>css=button[data-testid='cadastarProdutos']</arg>
<tag>PageContent</tag>
<tag>Setter</tag>
<doc>Simulates mouse click on the element found by ``selector``.</doc>
<status status="PASS" start="2024-03-15T14:41:58.472785" elapsed="0.038158"/>
</kw>
<status status="PASS" start="2024-03-15T14:41:58.372473" elapsed="0.138628"/>
</kw>
<kw name="Conferir que o produto aparece na listagem" owner="serve-rest-front">
<kw name="Get Text" owner="Browser">
<msg time="2024-03-15T14:41:58.721413" level="INFO">Text: 'Lista dos Produtos'</msg>
<arg>h1</arg>
<arg>==</arg>
<arg>Lista dos Produtos</arg>
<tag>Assertion</tag>
<tag>Getter</tag>
<tag>PageContent</tag>
<doc>Returns text attribute of the element found by ``selector``.</doc>
<status status="PASS" start="2024-03-15T14:41:58.511776" elapsed="0.209783"/>
</kw>
<kw name="Get Table Cell Element" owner="Browser">
<msg time="2024-03-15T14:41:58.729489" level="INFO">JavaScript executed successfully.</msg>
<msg time="2024-03-15T14:41:58.923551" level="INFO">Locator found successfully.</msg>
<msg time="2024-03-15T14:41:58.923788" level="INFO">${elemento} = xpath=//table[@class="table table-striped"] &gt;&gt; tr &gt;&gt; nth=3 &gt;&gt; &gt; * &gt;&gt; nth=0</msg>
<var>${elemento}</var>
<arg>xpath=//table[@class="table table-striped"]</arg>
<arg>"Nome"</arg>
<arg>"${NOME_PRODUTO}"</arg>
<tag>Getter</tag>
<tag>PageContent</tag>
<doc>Returns the Web Element that has the same column index and same row index as the selected elements.</doc>
<status status="PASS" start="2024-03-15T14:41:58.721858" elapsed="0.201967"/>
</kw>
<kw name="Get Table Cell Element" owner="Browser">
<msg time="2024-03-15T14:41:58.931137" level="INFO">JavaScript executed successfully.</msg>
<msg time="2024-03-15T14:41:58.947536" level="INFO">Locator found successfully.</msg>
<msg time="2024-03-15T14:41:58.947692" level="INFO">${elementPreco} = xpath=//table[@class="table table-striped"] &gt;&gt; tr &gt;&gt; nth=3 &gt;&gt; &gt; * &gt;&gt; nth=1</msg>
<var>${elementPreco}</var>
<arg>xpath=//table[@class="table table-striped"]</arg>
<arg>"Preço"</arg>
<arg>"${NOME_PRODUTO}"</arg>
<tag>Getter</tag>
<tag>PageContent</tag>
<doc>Returns the Web Element that has the same column index and same row index as the selected elements.</doc>
<status status="PASS" start="2024-03-15T14:41:58.924092" elapsed="0.023631"/>
</kw>
<kw name="Get Table Cell Element" owner="Browser">
<msg time="2024-03-15T14:41:58.954069" level="INFO">JavaScript executed successfully.</msg>
<msg time="2024-03-15T14:41:58.969161" level="INFO">Locator found successfully.</msg>
<msg time="2024-03-15T14:41:58.969303" level="INFO">${elementQuantidade} = xpath=//table[@class="table table-striped"] &gt;&gt; tr &gt;&gt; nth=3 &gt;&gt; &gt; * &gt;&gt; nth=3</msg>
<var>${elementQuantidade}</var>
<arg>xpath=//table[@class="table table-striped"]</arg>
<arg>"Quantidade"</arg>
<arg>"${NOME_PRODUTO}"</arg>
<tag>Getter</tag>
<tag>PageContent</tag>
<doc>Returns the Web Element that has the same column index and same row index as the selected elements.</doc>
<status status="PASS" start="2024-03-15T14:41:58.947947" elapsed="0.021386"/>
</kw>
<kw name="Get Text" owner="Browser">
<msg time="2024-03-15T14:41:58.979230" level="INFO">Text: 'Product No_532'</msg>
<arg>${elemento}</arg>
<arg>==</arg>
<arg>${NOME_PRODUTO}</arg>
<tag>Assertion</tag>
<tag>Getter</tag>
<tag>PageContent</tag>
<doc>Returns text attribute of the element found by ``selector``.</doc>
<status status="PASS" start="2024-03-15T14:41:58.969526" elapsed="0.009795"/>
</kw>
<kw name="Get Text" owner="Browser">
<msg time="2024-03-15T14:41:58.989455" level="INFO">Text: '772'</msg>
<arg>${elementPreco}</arg>
<arg>==</arg>
<arg>${PRECO_PRODUTO}</arg>
<tag>Assertion</tag>
<tag>Getter</tag>
<tag>PageContent</tag>
<doc>Returns text attribute of the element found by ``selector``.</doc>
<status status="PASS" start="2024-03-15T14:41:58.979501" elapsed="0.010049"/>
</kw>
<kw name="Get Text" owner="Browser">
<msg time="2024-03-15T14:41:58.999022" level="INFO">Text: '81'</msg>
<arg>${elementQuantidade}</arg>
<arg>==</arg>
<arg>${QTDE_PRODUTO}</arg>
<tag>Assertion</tag>
<tag>Getter</tag>
<tag>PageContent</tag>
<doc>Returns text attribute of the element found by ``selector``.</doc>
<status status="PASS" start="2024-03-15T14:41:58.989737" elapsed="0.009380"/>
</kw>
<kw name="Scroll To Element" owner="Browser">
<arg>${elemento}</arg>
<tag>PageContent</tag>
<tag>Setter</tag>
<doc>This method waits for actionability checks, then tries to scroll element into view,
unless it is completely visible.</doc>
<status status="PASS" start="2024-03-15T14:41:58.999295" elapsed="0.019752"/>
</kw>
<kw name="Highlight Elements" owner="Browser">
<msg time="2024-03-15T14:41:59.025902" level="INFO">Highlighted 1 elements for 5000.</msg>
<arg>${elemento}</arg>
<tag>PageContent</tag>
<tag>Setter</tag>
<doc>Adds a highlight to elements matched by the ``selector``. Provides a style adjustment.</doc>
<status status="PASS" start="2024-03-15T14:41:59.019216" elapsed="0.006781"/>
</kw>
<kw name="Take Screenshot" owner="Browser">
<msg time="2024-03-15T14:41:59.109037" level="INFO" html="true">&lt;/td&gt;&lt;/tr&gt;&lt;tr&gt;&lt;td colspan="3"&gt;&lt;a href="browser/screenshot/robotframework-browser-screenshot-7.png" target="_blank"&gt;&lt;img src="browser/screenshot/robotframework-browser-screenshot-7.png" width="800px"/&gt;&lt;/a&gt;</msg>
<tag>PageContent</tag>
<doc>Takes a screenshot of the current window or element and saves it to disk.</doc>
<status status="PASS" start="2024-03-15T14:41:59.026169" elapsed="0.083031"/>
</kw>
<status status="PASS" start="2024-03-15T14:41:58.511375" elapsed="0.598016"/>
</kw>
<status status="PASS" start="2024-03-15T14:41:57.407545" elapsed="1.702014"/>
</test>
<test id="s1-s1-t4" name="Exemplo utilizando requisições HTTP" line="23">
<kw name="Abrir o Navegador" owner="serve-rest-front">
<kw name="New Browser" owner="Browser">
<msg time="2024-03-15T14:41:59.140163" level="INFO">Switching browser to browser=b7407a96-0bba-49f3-b2eb-7ce07a84a09b</msg>
<msg time="2024-03-15T14:41:59.142163" level="INFO">Successfully changed active browser: browser=b7407a96-0bba-49f3-b2eb-7ce07a84a09b</msg>
<msg time="2024-03-15T14:41:59.142252" level="INFO">Reusing existing browser with id: browser=b7407a96-0bba-49f3-b2eb-7ce07a84a09b</msg>
<arg>browser=${BROWSER}</arg>
<arg>headless=${HEADLESS}</arg>
<tag>BrowserControl</tag>
<tag>Setter</tag>
<doc>Create a new playwright Browser with specified options.</doc>
<status status="PASS" start="2024-03-15T14:41:59.139353" elapsed="0.002981"/>
</kw>
<kw name="Uuid 4" owner="FakerLibrary">
<msg time="2024-03-15T14:41:59.142833" level="INFO">${TRACE_NAME} = 921e55ed-42aa-45b2-b3db-045a2834ab7c</msg>
<var>${TRACE_NAME}</var>
<doc>Generate a random UUID4 object and cast it to another type if specified using a callable ``cast_to``.</doc>
<status status="PASS" start="2024-03-15T14:41:59.142564" elapsed="0.000308"/>
</kw>
<kw name="Get Current Date" owner="DateTime">
<msg time="2024-03-15T14:41:59.143330" level="INFO">${NOW} = 15-03-2024_144159</msg>
<var>${NOW}</var>
<arg>result_format=%d-%m-%Y_%H%M%S</arg>
<doc>Returns current local or UTC time with an optional increment.</doc>
<status status="PASS" start="2024-03-15T14:41:59.143047" elapsed="0.000336"/>
</kw>
<kw name="New Context" owner="Browser">
<msg time="2024-03-15T14:41:59.144263" level="INFO">{
  "acceptDownloads": true,
  "bypassCSP": false,
  "forcedColors": "none",
  "ignoreHTTPSErrors": false,
  "javaScriptEnabled": true,
  "offline": false,
  "reducedMotion": "no-preference",
  "serviceWorkers": "allow",
  "viewport": {
    "height": 800,
    "width": 1200
  }
}</msg>
<msg time="2024-03-15T14:41:59.149148" level="INFO">Successfully created context. </msg>
<msg time="2024-03-15T14:41:59.149201" level="INFO">{'acceptDownloads': True, 'bypassCSP': False, 'forcedColors': 'none', 'ignoreHTTPSErrors': False, 'javaScriptEnabled': True, 'offline': False, 'reducedMotion': 'no-preference', 'serviceWorkers': 'allow', 'viewport': {'height': 800, 'width': 1200}}</msg>
<arg>viewport={'width': 1200, 'height': 800}</arg>
<tag>BrowserControl</tag>
<tag>Setter</tag>
<doc>Create a new BrowserContext with specified options.</doc>
<status status="PASS" start="2024-03-15T14:41:59.143576" elapsed="0.005719"/>
</kw>
<status status="PASS" start="2024-03-15T14:41:59.138890" elapsed="0.010532"/>
</kw>
<kw name="Ir para o site Serve Rest Front" owner="serve-rest-front">
<kw name="New Page" owner="Browser">
<msg time="2024-03-15T14:41:59.741290" level="INFO">Successfully initialized new page object and opened url: https://front.serverest.dev/login</msg>
<arg>url=${SITE_SERVE_REST}</arg>
<tag>BrowserControl</tag>
<tag>Setter</tag>
<doc>Open a new Page.</doc>
<status status="PASS" start="2024-03-15T14:41:59.150005" elapsed="0.591589"/>
</kw>
<kw name="Get Title" owner="Browser">
<msg time="2024-03-15T14:41:59.753878" level="INFO">Title: 'Front - ServeRest'</msg>
<msg time="2024-03-15T14:41:59.754061" level="INFO">${title} = Front - ServeRest</msg>
<var>${title}</var>
<arg>==</arg>
<arg>Front - ServeRest</arg>
<tag>Assertion</tag>
<tag>Getter</tag>
<tag>PageContent</tag>
<doc>Returns the title of the current page.</doc>
<status status="PASS" start="2024-03-15T14:41:59.741958" elapsed="0.012136"/>
</kw>
<kw name="Log" owner="BuiltIn">
<msg time="2024-03-15T14:41:59.754530" level="INFO">Front - ServeRest</msg>
<arg>${title}</arg>
<doc>Logs the given message with the given level.</doc>
<status status="PASS" start="2024-03-15T14:41:59.754315" elapsed="0.000268"/>
</kw>
<status status="PASS" start="2024-03-15T14:41:59.149651" elapsed="0.605022"/>
</kw>
<kw name="Logar com o usuário cadastrado via API" owner="serve-rest-front">
<kw name="Http" owner="Browser">
<msg time="2024-03-15T14:41:59.909539" level="INFO">{'status': 200, 'body': {'message': 'Login realizado com sucesso', 'authorization': 'Bearer eyJhbGciOiJIUzI1NiIsInR5cCI6IkpXVCJ9.eyJlbWFpbCI6ImdyZWc5M0BleGFtcGxlLmNvbSIsInBhc3N3b3JkIjoiMTIzNDU2IiwiaWF0IjoxNzEwNTEzNzE5LCJleHAiOjE3MTA1MTQzMTl9.1m7oUU1KKi5z6dBU3zgcxJ7jN6IItFlX2kY2e9pZLWQ'}, 'headers': {'content-length': '273', 'content-type': 'application/json; charset=utf-8'}, 'type': 'cors', 'statusText': '', 'url': 'https://serverest.dev/login', 'ok': True, 'redirected': False}</msg>
<msg time="2024-03-15T14:41:59.909861" level="INFO">${resposta} = {'status': 200, 'body': {'message': 'Login realizado com sucesso', 'authorization': 'Bearer eyJhbGciOiJIUzI1NiIsInR5cCI6IkpXVCJ9.eyJlbWFpbCI6ImdyZWc5M0BleGFtcGxlLmNvbSIsInBhc3N3b3JkIjoiMTIzNDU2IiwiaWF...</msg>
<var>${resposta}</var>
<arg>url=https://serverest.dev/login</arg>
<arg>method=POST</arg>
<arg>body={"email": "${EMAIL}", "password": "123456"}</arg>
<tag>HTTP</tag>
<doc>Performs an HTTP request in the current browser context</doc>
<status status="PASS" start="2024-03-15T14:41:59.755218" elapsed="0.154685"/>
</kw>
<kw name="Should Be Equal As Integers" owner="BuiltIn">
<msg time="2024-03-15T14:41:59.910744" level="INFO">Argument types are:
&lt;class 'int'&gt;
&lt;class 'str'&gt;</msg>
<arg>${resposta["status"]}</arg>
<arg>200</arg>
<doc>Fails if objects are unequal after converting them to integers.</doc>
<status status="PASS" start="2024-03-15T14:41:59.910163" elapsed="0.000655"/>
</kw>
<kw name="LocalStorage Set Item" owner="Browser">
<msg time="2024-03-15T14:41:59.914440" level="INFO">JavaScript executed successfully.</msg>
<arg>serverest/userNome</arg>
<arg>${NOME}</arg>
<tag>PageContent</tag>
<tag>Setter</tag>
<doc>Save data to the local storage.</doc>
<status status="PASS" start="2024-03-15T14:41:59.910985" elapsed="0.003531"/>
</kw>
<kw name="LocalStorage Set Item" owner="Browser">
<msg time="2024-03-15T14:41:59.917707" level="INFO">JavaScript executed successfully.</msg>
<arg>serverest/userEmail</arg>
<arg>${EMAIL}</arg>
<tag>PageContent</tag>
<tag>Setter</tag>
<doc>Save data to the local storage.</doc>
<status status="PASS" start="2024-03-15T14:41:59.914686" elapsed="0.003095"/>
</kw>
<kw name="LocalStorage Set Item" owner="Browser">
<msg time="2024-03-15T14:41:59.920882" level="INFO">JavaScript executed successfully.</msg>
<arg>serverest/userToken</arg>
<arg>${resposta["body"]["authorization"]}</arg>
<tag>PageContent</tag>
<tag>Setter</tag>
<doc>Save data to the local storage.</doc>
<status status="PASS" start="2024-03-15T14:41:59.917941" elapsed="0.003013"/>
</kw>
<kw name="Go To" owner="Browser">
<msg time="2024-03-15T14:42:00.114834" level="INFO">Successfully opened URL https://front.serverest.dev/admin/home</msg>
<arg>https://front.serverest.dev/admin/home</arg>
<tag>BrowserControl</tag>
<tag>Setter</tag>
<doc>Navigates to the given ``url``.</doc>
<status status="PASS" start="2024-03-15T14:41:59.921109" elapsed="0.193950"/>
</kw>
<kw name="Take Screenshot" owner="Browser">
<msg time="2024-03-15T14:42:00.303654" level="INFO" html="true">&lt;/td&gt;&lt;/tr&gt;&lt;tr&gt;&lt;td colspan="3"&gt;&lt;a href="browser/screenshot/robotframework-browser-screenshot-8.png" target="_blank"&gt;&lt;img src="browser/screenshot/robotframework-browser-screenshot-8.png" width="800px"/&gt;&lt;/a&gt;</msg>
<tag>PageContent</tag>
<doc>Takes a screenshot of the current window or element and saves it to disk.</doc>
<status status="PASS" start="2024-03-15T14:42:00.115349" elapsed="0.188551"/>
</kw>
<status status="PASS" start="2024-03-15T14:41:59.754889" elapsed="0.549216"/>
</kw>
<status status="PASS" start="2024-03-15T14:41:59.135696" elapsed="1.168626"/>
</test>
<test id="s1-s1-t5" name="Exemplo utilizando o Storage Armazenado no Contexto" line="28">
<kw name="Abrir o site Serve Rest Front Logado" owner="serve-rest-front">
<kw name="New Context" owner="Browser">
<msg time="2024-03-15T14:42:00.334247" level="INFO">{
  "acceptDownloads": true,
  "bypassCSP": false,
  "forcedColors": "none",
  "ignoreHTTPSErrors": false,
  "javaScriptEnabled": true,
  "offline": false,
  "reducedMotion": "no-preference",
  "serviceWorkers": "allow",
  "storageState": "/home/runner/work/playwright-robotframework/playwright-robotframework/results/browser/state/7f16f5ff-a1a0-4cc1-b6ed-39d0e11c5a31.json",
  "viewport": {
    "height": 800,
    "width": 1200
  }
}</msg>
<msg time="2024-03-15T14:42:00.406780" level="INFO">Successfully created context. </msg>
<msg time="2024-03-15T14:42:00.406873" level="INFO">{'acceptDownloads': True, 'bypassCSP': False, 'forcedColors': 'none', 'ignoreHTTPSErrors': False, 'javaScriptEnabled': True, 'offline': False, 'reducedMotion': 'no-preference', 'serviceWorkers': 'allow', 'storageState': '/home/runner/work/playwright-robotframework/playwright-robotframework/results/browser/state/7f16f5ff-a1a0-4cc1-b6ed-39d0e11c5a31.json', 'viewport': {'height': 800, 'width': 1200}}</msg>
<arg>viewport={'width': 1200, 'height': 800}</arg>
<arg>storageState=${STORAGE_FILE}</arg>
<tag>BrowserControl</tag>
<tag>Setter</tag>
<doc>Create a new BrowserContext with specified options.</doc>
<status status="PASS" start="2024-03-15T14:42:00.333239" elapsed="0.073749"/>
</kw>
<kw name="New Page" owner="Browser">
<msg time="2024-03-15T14:42:00.936293" level="INFO">Successfully initialized new page object and opened url: https://front.serverest.dev/admin/home</msg>
<arg>url=https://front.serverest.dev/admin/home</arg>
<tag>BrowserControl</tag>
<tag>Setter</tag>
<doc>Open a new Page.</doc>
<status status="PASS" start="2024-03-15T14:42:00.407264" elapsed="0.529339"/>
</kw>
<kw name="Get Text" owner="Browser">
<msg time="2024-03-15T14:42:01.111023" level="INFO">Text: 'Bem Vindo Dr. Eric Sandoval'</msg>
<arg>h1</arg>
<arg>==</arg>
<arg>Bem Vindo ${NOME}</arg>
<tag>Assertion</tag>
<tag>Getter</tag>
<tag>PageContent</tag>
<doc>Returns text attribute of the element found by ``selector``.</doc>
<status status="PASS" start="2024-03-15T14:42:00.936964" elapsed="0.174209"/>
</kw>
<kw name="Take Screenshot" owner="Browser">
<msg time="2024-03-15T14:42:01.256131" level="INFO" html="true">&lt;/td&gt;&lt;/tr&gt;&lt;tr&gt;&lt;td colspan="3"&gt;&lt;a href="browser/screenshot/robotframework-browser-screenshot-9.png" target="_blank"&gt;&lt;img src="browser/screenshot/robotframework-browser-screenshot-9.png" width="800px"/&gt;&lt;/a&gt;</msg>
<tag>PageContent</tag>
<doc>Takes a screenshot of the current window or element and saves it to disk.</doc>
<status status="PASS" start="2024-03-15T14:42:01.111456" elapsed="0.144842"/>
</kw>
<status status="PASS" start="2024-03-15T14:42:00.332805" elapsed="0.923637"/>
</kw>
<kw name="Acessar a Lista de usuários" owner="serve-rest-front">
<kw name="Click" owner="Browser">
<arg>css=a[data-testid='listarUsuarios']</arg>
<tag>PageContent</tag>
<tag>Setter</tag>
<doc>Simulates mouse click on the element found by ``selector``.</doc>
<status status="PASS" start="2024-03-15T14:42:01.257078" elapsed="0.025241"/>
</kw>
<kw name="Get Element States" owner="Browser">
<msg time="2024-03-15T14:42:01.299970" level="INFO">States are: ['attached', 'visible', 'enabled', 'editable', 'defocused']</msg>
<arg>h1</arg>
<arg>validate</arg>
<arg>visible</arg>
<tag>Assertion</tag>
<tag>Getter</tag>
<tag>PageContent</tag>
<doc>Get the active states from the element found by ``selector``.</doc>
<status status="PASS" start="2024-03-15T14:42:01.282549" elapsed="0.017555"/>
</kw>
<kw name="Get Text" owner="Browser">
<msg time="2024-03-15T14:42:01.309296" level="INFO">Text: 'Lista dos usuários'</msg>
<arg>h1</arg>
<arg>==</arg>
<arg>Lista dos usuários</arg>
<tag>Assertion</tag>
<tag>Getter</tag>
<tag>PageContent</tag>
<doc>Returns text attribute of the element found by ``selector``.</doc>
<status status="PASS" start="2024-03-15T14:42:01.300351" elapsed="0.009037"/>
</kw>
<kw name="Take Screenshot" owner="Browser">
<msg time="2024-03-15T14:42:01.514515" level="INFO" html="true">&lt;/td&gt;&lt;/tr&gt;&lt;tr&gt;&lt;td colspan="3"&gt;&lt;a href="browser/screenshot/robotframework-browser-screenshot-10.png" target="_blank"&gt;&lt;img src="browser/screenshot/robotframework-browser-screenshot-10.png" width="800px"/&gt;&lt;/a&gt;</msg>
<tag>PageContent</tag>
<doc>Takes a screenshot of the current window or element and saves it to disk.</doc>
<status status="PASS" start="2024-03-15T14:42:01.309589" elapsed="0.205103"/>
</kw>
<status status="PASS" start="2024-03-15T14:42:01.256693" elapsed="0.258147"/>
</kw>
<status status="PASS" start="2024-03-15T14:42:00.329776" elapsed="1.185231"/>
</test>
<kw name="Close Browser" owner="Browser" type="TEARDOWN">
<msg time="2024-03-15T14:42:01.855303" level="INFO">Closed all browsers</msg>
<arg>ALL</arg>
<tag>BrowserControl</tag>
<tag>Setter</tag>
<doc>Closes the current browser.</doc>
<status status="PASS" start="2024-03-15T14:42:01.543788" elapsed="0.311719"/>
</kw>
<status status="PASS" start="2024-03-15T14:41:48.760958" elapsed="13.094664"/>
</suite>
<suite id="s1-s2" name="The-Internet-Herokuapp" source="/home/runner/work/playwright-robotframework/playwright-robotframework/tests/the-internet-herokuapp.robot">
<test id="s1-s2-t1" name="Interagindo com Dropdown" line="7">
<kw name="Acessar &quot;https://the-internet.herokuapp.com/dropdown&quot;" owner="the-internet-herokuapp" source_name="Acessar &quot;${site}&quot;">
<kw name="New Browser" owner="Browser">
<msg time="2024-03-15T14:42:01.869677" level="INFO">{"browser": "chromium", "headless": true, "chromiumSandbox": false, "devtools": false, "handleSIGHUP": true, "handleSIGINT": true, "handleSIGTERM": true, "slowMo": 0.0, "timeout": 30000.0, "tracesDir": "/home/runner/work/playwright-robotframework/playwright-robotframework/results/browser/traces/97940fdf-3b0f-44a6-b25d-5bbcbb564c3f"}</msg>
<msg time="2024-03-15T14:42:01.996150" level="INFO">Successfully created browser with options: {"browser":"chromium","headless":true,"chromiumSandbox":false,"devtools":false,"handleSIGHUP":true,"handleSIGINT":true,"handleSIGTERM":true,"slowMo":0,"timeout":30000,"tracesDir":"/home/runner/work/playwright-robotframework/playwright-robotframework/results/browser/traces/97940fdf-3b0f-44a6-b25d-5bbcbb564c3f"}</msg>
<arg>browser=${BROWSER}</arg>
<arg>headless=${HEADLESS}</arg>
<tag>BrowserControl</tag>
<tag>Setter</tag>
<doc>Create a new playwright Browser with specified options.</doc>
<status status="PASS" start="2024-03-15T14:42:01.868966" elapsed="0.127405"/>
</kw>
<kw name="New Page" owner="Browser">
<msg time="2024-03-15T14:42:03.239758" level="INFO">Successfully initialized new page object and opened url: https://the-internet.herokuapp.com/dropdown</msg>
<msg time="2024-03-15T14:42:03.239869" level="INFO">No context was open. New context was automatically opened when this page is created.</msg>
<arg>url=${site}</arg>
<tag>BrowserControl</tag>
<tag>Setter</tag>
<doc>Open a new Page.</doc>
<status status="PASS" start="2024-03-15T14:42:01.996656" elapsed="1.243402"/>
</kw>
<status status="PASS" start="2024-03-15T14:42:01.868608" elapsed="1.371627"/>
</kw>
<kw name="Selecionar opção &quot;Option 1&quot;" owner="the-internet-herokuapp" source_name="Selecionar opção &quot;${opcao}&quot;">
<kw name="Select Options By" owner="Browser">
<arg>id=dropdown</arg>
<arg>text</arg>
<arg>${opcao}</arg>
<tag>PageContent</tag>
<tag>Setter</tag>
<doc>Selects options from select element found by ``selector``.</doc>
<status status="PASS" start="2024-03-15T14:42:03.240990" elapsed="0.039043"/>
</kw>
<status status="PASS" start="2024-03-15T14:42:03.240521" elapsed="0.039708"/>
</kw>
<kw name="Tirar Print" owner="the-internet-herokuapp" type="TEARDOWN">
<kw name="Take Screenshot" owner="Browser">
<msg time="2024-03-15T14:42:03.366689" level="INFO" html="true">&lt;/td&gt;&lt;/tr&gt;&lt;tr&gt;&lt;td colspan="3"&gt;&lt;a href="browser/screenshot/robotframework-browser-screenshot-11.png" target="_blank"&gt;&lt;img src="browser/screenshot/robotframework-browser-screenshot-11.png" width="800px"/&gt;&lt;/a&gt;</msg>
<tag>PageContent</tag>
<doc>Takes a screenshot of the current window or element and saves it to disk.</doc>
<status status="PASS" start="2024-03-15T14:42:03.281039" elapsed="0.085846"/>
</kw>
<status status="PASS" start="2024-03-15T14:42:03.280599" elapsed="0.086508"/>
</kw>
<status status="PASS" start="2024-03-15T14:42:01.867018" elapsed="1.500177"/>
</test>
<test id="s1-s2-t2" name="Interagindo com iFrames" line="11">
<kw name="Acessar &quot;https://the-internet.herokuapp.com/iframe&quot;" owner="the-internet-herokuapp" source_name="Acessar &quot;${site}&quot;">
<kw name="New Browser" owner="Browser">
<msg time="2024-03-15T14:42:03.396426" level="INFO">Switching browser to browser=8993e705-5cbe-4337-b052-56cbca8d20a3</msg>
<msg time="2024-03-15T14:42:03.397722" level="INFO">Successfully changed active browser: browser=8993e705-5cbe-4337-b052-56cbca8d20a3</msg>
<msg time="2024-03-15T14:42:03.397789" level="INFO">Reusing existing browser with id: browser=8993e705-5cbe-4337-b052-56cbca8d20a3</msg>
<arg>browser=${BROWSER}</arg>
<arg>headless=${HEADLESS}</arg>
<tag>BrowserControl</tag>
<tag>Setter</tag>
<doc>Create a new playwright Browser with specified options.</doc>
<status status="PASS" start="2024-03-15T14:42:03.395777" elapsed="0.002093"/>
</kw>
<kw name="New Page" owner="Browser">
<msg time="2024-03-15T14:42:04.415545" level="INFO">Successfully initialized new page object and opened url: https://the-internet.herokuapp.com/iframe</msg>
<msg time="2024-03-15T14:42:04.415646" level="INFO">No context was open. New context was automatically opened when this page is created.</msg>
<arg>url=${site}</arg>
<tag>BrowserControl</tag>
<tag>Setter</tag>
<doc>Open a new Page.</doc>
<status status="PASS" start="2024-03-15T14:42:03.398097" elapsed="1.017750"/>
</kw>
<status status="PASS" start="2024-03-15T14:42:03.395386" elapsed="1.020630"/>
</kw>
<kw name="Obter frase de dentro do iFrame" owner="the-internet-herokuapp">
<kw name="Get Text" owner="Browser">
<msg time="2024-03-15T14:42:04.469803" level="INFO">Text: '\n'</msg>
<msg time="2024-03-15T14:42:04.470005" level="INFO">${text} = 
</msg>
<var>${text}</var>
<arg>id=mce_0_ifr &gt;&gt;&gt; id=tinymce</arg>
<tag>Assertion</tag>
<tag>Getter</tag>
<tag>PageContent</tag>
<doc>Returns text attribute of the element found by ``selector``.</doc>
<status status="PASS" start="2024-03-15T14:42:04.416653" elapsed="0.053385"/>
</kw>
<kw name="Log" owner="BuiltIn">
<msg time="2024-03-15T14:42:04.470540" level="INFO">
</msg>
<arg>${text}</arg>
<doc>Logs the given message with the given level.</doc>
<status status="PASS" start="2024-03-15T14:42:04.470307" elapsed="0.000284"/>
</kw>
<status status="PASS" start="2024-03-15T14:42:04.416279" elapsed="0.054404"/>
</kw>
<kw name="Tirar Print" owner="the-internet-herokuapp" type="TEARDOWN">
<kw name="Take Screenshot" owner="Browser">
<msg time="2024-03-15T14:42:04.586111" level="INFO" html="true">&lt;/td&gt;&lt;/tr&gt;&lt;tr&gt;&lt;td colspan="3"&gt;&lt;a href="browser/screenshot/robotframework-browser-screenshot-12.png" target="_blank"&gt;&lt;img src="browser/screenshot/robotframework-browser-screenshot-12.png" width="800px"/&gt;&lt;/a&gt;</msg>
<tag>PageContent</tag>
<doc>Takes a screenshot of the current window or element and saves it to disk.</doc>
<status status="PASS" start="2024-03-15T14:42:04.471276" elapsed="0.115020"/>
</kw>
<status status="PASS" start="2024-03-15T14:42:04.470959" elapsed="0.115485"/>
</kw>
<status status="PASS" start="2024-03-15T14:42:03.393557" elapsed="1.192966"/>
</test>
<test id="s1-s2-t3" name="Interagindo com Tabelas" line="15">
<kw name="Acessar &quot;https://the-internet.herokuapp.com/tables&quot;" owner="the-internet-herokuapp" source_name="Acessar &quot;${site}&quot;">
<kw name="New Browser" owner="Browser">
<msg time="2024-03-15T14:42:04.616130" level="INFO">Switching browser to browser=8993e705-5cbe-4337-b052-56cbca8d20a3</msg>
<msg time="2024-03-15T14:42:04.617623" level="INFO">Successfully changed active browser: browser=8993e705-5cbe-4337-b052-56cbca8d20a3</msg>
<msg time="2024-03-15T14:42:04.617710" level="INFO">Reusing existing browser with id: browser=8993e705-5cbe-4337-b052-56cbca8d20a3</msg>
<arg>browser=${BROWSER}</arg>
<arg>headless=${HEADLESS}</arg>
<tag>BrowserControl</tag>
<tag>Setter</tag>
<doc>Create a new playwright Browser with specified options.</doc>
<status status="PASS" start="2024-03-15T14:42:04.615332" elapsed="0.002460"/>
</kw>
<kw name="New Page" owner="Browser">
<msg time="2024-03-15T14:42:05.392256" level="INFO">Successfully initialized new page object and opened url: https://the-internet.herokuapp.com/tables</msg>
<msg time="2024-03-15T14:42:05.392355" level="INFO">No context was open. New context was automatically opened when this page is created.</msg>
<arg>url=${site}</arg>
<tag>BrowserControl</tag>
<tag>Setter</tag>
<doc>Open a new Page.</doc>
<status status="PASS" start="2024-03-15T14:42:04.618009" elapsed="0.774524"/>
</kw>
<status status="PASS" start="2024-03-15T14:42:04.614869" elapsed="0.777831"/>
</kw>
<kw name="Conferindo valores em tabelas" owner="the-internet-herokuapp">
<kw name="Click" owner="Browser">
<arg>id=table1 &gt;&gt; text=Last Name</arg>
<tag>PageContent</tag>
<tag>Setter</tag>
<doc>Simulates mouse click on the element found by ``selector``.</doc>
<status status="PASS" start="2024-03-15T14:42:05.393375" elapsed="0.064105"/>
</kw>
<kw name="Get Table Cell Element" owner="Browser">
<msg time="2024-03-15T14:42:05.473469" level="INFO">JavaScript executed successfully.</msg>
<msg time="2024-03-15T14:42:05.477953" level="INFO">Locator found successfully.</msg>
<msg time="2024-03-15T14:42:05.478142" level="INFO">${elemento} = id=table1 &gt;&gt; tr &gt;&gt; nth=1 &gt;&gt; &gt; * &gt;&gt; nth=1</msg>
<var>${elemento}</var>
<arg>id=table1</arg>
<arg>1</arg>
<arg>1</arg>
<tag>Getter</tag>
<tag>PageContent</tag>
<doc>Returns the Web Element that has the same column index and same row index as the selected elements.</doc>
<status status="PASS" start="2024-03-15T14:42:05.457793" elapsed="0.020383"/>
</kw>
<kw name="Get Text" owner="Browser">
<msg time="2024-03-15T14:42:05.488230" level="INFO">Text: 'Frank'</msg>
<msg time="2024-03-15T14:42:05.488367" level="INFO">${nome} = Frank</msg>
<var>${nome}</var>
<arg>${elemento}</arg>
<arg>==</arg>
<arg>Frank</arg>
<tag>Assertion</tag>
<tag>Getter</tag>
<tag>PageContent</tag>
<doc>Returns text attribute of the element found by ``selector``.</doc>
<status status="PASS" start="2024-03-15T14:42:05.478424" elapsed="0.009973"/>
</kw>
<kw name="Log" owner="BuiltIn">
<msg time="2024-03-15T14:42:05.488776" level="INFO">Frank</msg>
<arg>${nome}</arg>
<doc>Logs the given message with the given level.</doc>
<status status="PASS" start="2024-03-15T14:42:05.488573" elapsed="0.000258"/>
</kw>
<kw name="Get Table Cell Element" owner="Browser">
<msg time="2024-03-15T14:42:05.494885" level="INFO">JavaScript executed successfully.</msg>
<msg time="2024-03-15T14:42:05.509094" level="INFO">Locator found successfully.</msg>
<msg time="2024-03-15T14:42:05.509260" level="INFO">${elemento} = id=table1 &gt;&gt; tr &gt;&gt; nth=1 &gt;&gt; &gt; * &gt;&gt; nth=1</msg>
<var>${elemento}</var>
<arg>id=table1</arg>
<arg>"First Name"</arg>
<arg>"fbach@yahoo.com"</arg>
<tag>Getter</tag>
<tag>PageContent</tag>
<doc>Returns the Web Element that has the same column index and same row index as the selected elements.</doc>
<status status="PASS" start="2024-03-15T14:42:05.488971" elapsed="0.020321"/>
</kw>
<kw name="Get Text" owner="Browser">
<msg time="2024-03-15T14:42:05.519321" level="INFO">Text: 'Frank'</msg>
<msg time="2024-03-15T14:42:05.519499" level="INFO">${nome} = Frank</msg>
<var>${nome}</var>
<arg>${elemento}</arg>
<arg>==</arg>
<arg>Frank</arg>
<tag>Assertion</tag>
<tag>Getter</tag>
<tag>PageContent</tag>
<doc>Returns text attribute of the element found by ``selector``.</doc>
<status status="PASS" start="2024-03-15T14:42:05.509475" elapsed="0.010069"/>
</kw>
<kw name="Log" owner="BuiltIn">
<msg time="2024-03-15T14:42:05.520004" level="INFO">Frank</msg>
<arg>${nome}</arg>
<doc>Logs the given message with the given level.</doc>
<status status="PASS" start="2024-03-15T14:42:05.519781" elapsed="0.000295"/>
</kw>
<status status="PASS" start="2024-03-15T14:42:05.393017" elapsed="0.127252"/>
</kw>
<kw name="Tirar Print" owner="the-internet-herokuapp" type="TEARDOWN">
<kw name="Take Screenshot" owner="Browser">
<msg time="2024-03-15T14:42:05.590048" level="INFO" html="true">&lt;/td&gt;&lt;/tr&gt;&lt;tr&gt;&lt;td colspan="3"&gt;&lt;a href="browser/screenshot/robotframework-browser-screenshot-13.png" target="_blank"&gt;&lt;img src="browser/screenshot/robotframework-browser-screenshot-13.png" width="800px"/&gt;&lt;/a&gt;</msg>
<tag>PageContent</tag>
<doc>Takes a screenshot of the current window or element and saves it to disk.</doc>
<status status="PASS" start="2024-03-15T14:42:05.521130" elapsed="0.069102"/>
</kw>
<status status="PASS" start="2024-03-15T14:42:05.520637" elapsed="0.069740"/>
</kw>
<status status="PASS" start="2024-03-15T14:42:04.612510" elapsed="0.977945"/>
</test>
<test id="s1-s2-t4" name="Interagindo com novas abas (pages)" line="19">
<kw name="Acessar &quot;https://the-internet.herokuapp.com/windows&quot;" owner="the-internet-herokuapp" source_name="Acessar &quot;${site}&quot;">
<kw name="New Browser" owner="Browser">
<msg time="2024-03-15T14:42:05.619001" level="INFO">Switching browser to browser=8993e705-5cbe-4337-b052-56cbca8d20a3</msg>
<msg time="2024-03-15T14:42:05.620814" level="INFO">Successfully changed active browser: browser=8993e705-5cbe-4337-b052-56cbca8d20a3</msg>
<msg time="2024-03-15T14:42:05.620901" level="INFO">Reusing existing browser with id: browser=8993e705-5cbe-4337-b052-56cbca8d20a3</msg>
<arg>browser=${BROWSER}</arg>
<arg>headless=${HEADLESS}</arg>
<tag>BrowserControl</tag>
<tag>Setter</tag>
<doc>Create a new playwright Browser with specified options.</doc>
<status status="PASS" start="2024-03-15T14:42:05.618226" elapsed="0.002759"/>
</kw>
<kw name="New Page" owner="Browser">
<msg time="2024-03-15T14:42:06.392813" level="INFO">Successfully initialized new page object and opened url: https://the-internet.herokuapp.com/windows</msg>
<msg time="2024-03-15T14:42:06.392929" level="INFO">No context was open. New context was automatically opened when this page is created.</msg>
<arg>url=${site}</arg>
<tag>BrowserControl</tag>
<tag>Setter</tag>
<doc>Open a new Page.</doc>
<status status="PASS" start="2024-03-15T14:42:05.621201" elapsed="0.771949"/>
</kw>
<status status="PASS" start="2024-03-15T14:42:05.617773" elapsed="0.775602"/>
</kw>
<kw name="Get Page Ids" owner="Browser">
<msg time="2024-03-15T14:42:06.399333" level="INFO">${pagina_id} = ['page=ae7a01e3-18c4-4c62-8479-9ccd766e72a5']</msg>
<var>${pagina_id}</var>
<arg>CURRENT</arg>
<tag>BrowserControl</tag>
<tag>Getter</tag>
<doc>Returns a list of page ids based on the context and browser selection.
See `Browser, Context and Page` for more information about Page and related concepts.</doc>
<status status="PASS" start="2024-03-15T14:42:06.393644" elapsed="0.005751"/>
</kw>
<kw name="Clicar e ir para a nova página aberta" owner="the-internet-herokuapp">
<kw name="Click" owner="Browser">
<arg>text="Click Here"</arg>
<tag>PageContent</tag>
<tag>Setter</tag>
<doc>Simulates mouse click on the element found by ``selector``.</doc>
<status status="PASS" start="2024-03-15T14:42:06.399981" elapsed="0.066174"/>
</kw>
<kw name="Switch Page" owner="Browser">
<msg time="2024-03-15T14:42:06.467344" level="INFO">Switching to page NEW,context CURRENT, browser CURRENT</msg>
<msg time="2024-03-15T14:42:06.546830" level="INFO">Activated new page page=406a2675-3302-43e7-925a-377f616cd31f</msg>
<arg>NEW</arg>
<tag>BrowserControl</tag>
<tag>Setter</tag>
<doc>Switches the active browser page to another open page by ``id`` or ``NEW``.</doc>
<status status="PASS" start="2024-03-15T14:42:06.466494" elapsed="0.080537"/>
</kw>
<kw name="Get Text" owner="Browser">
<msg time="2024-03-15T14:42:06.579364" level="INFO">Text: 'New Window'</msg>
<arg>h3</arg>
<arg>==</arg>
<arg>New Window</arg>
<tag>Assertion</tag>
<tag>Getter</tag>
<tag>PageContent</tag>
<doc>Returns text attribute of the element found by ``selector``.</doc>
<status status="PASS" start="2024-03-15T14:42:06.547306" elapsed="0.032186"/>
</kw>
<kw name="Tirar Print" owner="the-internet-herokuapp">
<kw name="Take Screenshot" owner="Browser">
<msg time="2024-03-15T14:42:06.661965" level="INFO" html="true">&lt;/td&gt;&lt;/tr&gt;&lt;tr&gt;&lt;td colspan="3"&gt;&lt;a href="browser/screenshot/robotframework-browser-screenshot-14.png" target="_blank"&gt;&lt;img src="browser/screenshot/robotframework-browser-screenshot-14.png" width="800px"/&gt;&lt;/a&gt;</msg>
<tag>PageContent</tag>
<doc>Takes a screenshot of the current window or element and saves it to disk.</doc>
<status status="PASS" start="2024-03-15T14:42:06.580141" elapsed="0.081969"/>
</kw>
<status status="PASS" start="2024-03-15T14:42:06.579782" elapsed="0.082458"/>
</kw>
<status status="PASS" start="2024-03-15T14:42:06.399661" elapsed="0.262651"/>
</kw>
<kw name="Voltar para a página inicial" owner="the-internet-herokuapp">
<kw name="Switch Page" owner="Browser">
<msg time="2024-03-15T14:42:06.663462" level="INFO">Switching to page page=ae7a01e3-18c4-4c62-8479-9ccd766e72a5,context CURRENT, browser CURRENT</msg>
<msg time="2024-03-15T14:42:06.668144" level="INFO">Successfully changed active page: page=ae7a01e3-18c4-4c62-8479-9ccd766e72a5</msg>
<arg>${pagina_id}[0]</arg>
<tag>BrowserControl</tag>
<tag>Setter</tag>
<doc>Switches the active browser page to another open page by ``id`` or ``NEW``.</doc>
<status status="PASS" start="2024-03-15T14:42:06.662914" elapsed="0.005320"/>
</kw>
<kw name="Tirar Print" owner="the-internet-herokuapp">
<kw name="Take Screenshot" owner="Browser">
<msg time="2024-03-15T14:42:06.731238" level="INFO" html="true">&lt;/td&gt;&lt;/tr&gt;&lt;tr&gt;&lt;td colspan="3"&gt;&lt;a href="browser/screenshot/robotframework-browser-screenshot-15.png" target="_blank"&gt;&lt;img src="browser/screenshot/robotframework-browser-screenshot-15.png" width="800px"/&gt;&lt;/a&gt;</msg>
<tag>PageContent</tag>
<doc>Takes a screenshot of the current window or element and saves it to disk.</doc>
<status status="PASS" start="2024-03-15T14:42:06.668692" elapsed="0.062691"/>
</kw>
<status status="PASS" start="2024-03-15T14:42:06.668415" elapsed="0.063094"/>
</kw>
<arg>${pagina_id}</arg>
<status status="PASS" start="2024-03-15T14:42:06.662528" elapsed="0.069052"/>
</kw>
<kw name="Tirar Print" owner="the-internet-herokuapp" type="TEARDOWN">
<kw name="Take Screenshot" owner="Browser">
<msg time="2024-03-15T14:42:06.796453" level="INFO" html="true">&lt;/td&gt;&lt;/tr&gt;&lt;tr&gt;&lt;td colspan="3"&gt;&lt;a href="browser/screenshot/robotframework-browser-screenshot-16.png" target="_blank"&gt;&lt;img src="browser/screenshot/robotframework-browser-screenshot-16.png" width="800px"/&gt;&lt;/a&gt;</msg>
<tag>PageContent</tag>
<doc>Takes a screenshot of the current window or element and saves it to disk.</doc>
<status status="PASS" start="2024-03-15T14:42:06.732213" elapsed="0.064390"/>
</kw>
<status status="PASS" start="2024-03-15T14:42:06.731878" elapsed="0.064845"/>
</kw>
<status status="PASS" start="2024-03-15T14:42:05.615462" elapsed="1.181367"/>
</test>
<kw name="Close Browser" owner="Browser" type="TEARDOWN">
<msg time="2024-03-15T14:42:06.865454" level="INFO">Closed all browsers</msg>
<arg>ALL</arg>
<tag>BrowserControl</tag>
<tag>Setter</tag>
<doc>Closes the current browser.</doc>
<status status="PASS" start="2024-03-15T14:42:06.823266" elapsed="0.042334"/>
</kw>
<status status="PASS" start="2024-03-15T14:42:01.860490" elapsed="5.005209"/>
</suite>
<status status="PASS" start="2024-03-15T14:41:48.742965" elapsed="18.126730"/>
</suite>
<statistics>
<total>
<stat pass="9" fail="0" skip="0">All Tests</stat>
</total>
<tag>
</tag>
<suite>
<stat pass="9" fail="0" skip="0" id="s1" name="Tests">Tests</stat>
<stat pass="5" fail="0" skip="0" id="s1-s1" name="Serve-Rest-Front">Tests.Serve-Rest-Front</stat>
<stat pass="4" fail="0" skip="0" id="s1-s2" name="The-Internet-Herokuapp">Tests.The-Internet-Herokuapp</stat>
</suite>
</statistics>
<errors>
</errors>
</robot>
